{"contracts\\interfaces\\IMemeMintErrors.sol":{"l":{},"path":"D:\\mememint\\contracts\\interfaces\\IMemeMintErrors.sol","s":{},"b":{},"f":{},"fnMap":{},"statementMap":{},"branchMap":{}},"contracts\\interfaces\\IMemeMintEvents.sol":{"l":{},"path":"D:\\mememint\\contracts\\interfaces\\IMemeMintEvents.sol","s":{},"b":{},"f":{},"fnMap":{},"statementMap":{},"branchMap":{}},"contracts\\interfaces\\IMemeMintLeaderboard.sol":{"l":{},"path":"D:\\mememint\\contracts\\interfaces\\IMemeMintLeaderboard.sol","s":{},"b":{},"f":{},"fnMap":{},"statementMap":{},"branchMap":{}},"contracts\\libraries\\MemeMintConstants.sol":{"l":{},"path":"D:\\mememint\\contracts\\libraries\\MemeMintConstants.sol","s":{},"b":{},"f":{},"fnMap":{},"statementMap":{},"branchMap":{}},"contracts\\libraries\\MemeMintTypes.sol":{"l":{},"path":"D:\\mememint\\contracts\\libraries\\MemeMintTypes.sol","s":{},"b":{},"f":{},"fnMap":{},"statementMap":{},"branchMap":{}},"contracts\\MemeMint.sol":{"l":{"64":1,"72":2,"73":1,"83":3,"93":35,"94":1,"96":34,"97":1,"100":33,"101":33,"102":33,"103":33,"106":33,"109":33,"110":33,"112":33,"114":33,"123":0,"124":0,"126":0,"134":0,"135":0,"137":0,"146":4,"147":4,"150":2,"151":1,"161":41,"162":41,"163":1,"167":40,"168":40,"169":40,"173":40,"174":0,"182":40,"183":40,"187":40,"188":1,"189":1,"190":1,"191":1,"192":0,"197":40,"205":3,"207":3,"208":1,"211":2,"212":2,"213":2,"221":1,"223":1,"224":0,"227":1,"228":1,"229":1,"237":3,"238":3,"246":1,"247":1,"255":0,"264":3,"265":3,"275":3,"276":3,"285":2,"296":1,"308":0,"317":1,"318":1,"319":1,"321":1,"322":1,"324":1,"334":1,"335":0,"337":1,"338":0,"348":37,"349":2,"352":35,"353":1,"356":34},"path":"D:\\mememint\\contracts\\MemeMint.sol","s":{"1":1,"2":35,"3":34,"4":33,"5":33,"6":33,"7":33,"8":33,"9":33,"10":33,"11":0,"12":0,"13":0,"14":4,"15":4,"16":2,"17":1,"18":41,"19":41,"20":40,"21":0,"22":40,"23":1,"24":1,"25":1,"26":40,"27":3,"28":3,"29":2,"30":2,"31":2,"32":1,"33":1,"34":1,"35":1,"36":1,"37":3,"38":3,"39":1,"40":1,"41":0,"42":3,"43":3,"44":2,"45":1,"46":0,"47":1,"48":1,"49":1,"50":37,"51":35,"52":1},"b":{"1":[1,1],"2":[35,1],"3":[1,34],"4":[1,33],"5":[0,1],"6":[0,0],"7":[0,0],"8":[0,0],"9":[0,0],"10":[5,0],"11":[4,1],"12":[1,1],"13":[42,0],"14":[41,1],"15":[1,40],"16":[0,40],"17":[1,39],"18":[0,1],"19":[4,0],"20":[3,1],"21":[1,2],"22":[2,0],"23":[1,1],"24":[0,1],"25":[3,1],"26":[3,0],"27":[1,1],"28":[1,0],"29":[1,1],"30":[0,1],"31":[0,1],"32":[2,35],"33":[1,1],"34":[1,34]},"f":{"1":1,"2":3,"3":35,"4":0,"5":0,"6":4,"7":41,"8":3,"9":1,"10":3,"11":1,"12":0,"13":3,"14":3,"15":2,"16":1,"17":0,"18":1,"19":1,"20":37},"fnMap":{"1":{"name":"constructor","line":63,"loc":{"start":{"line":63,"column":4},"end":{"line":65,"column":4}}},"2":{"name":null,"line":82,"loc":{"start":{"line":82,"column":4},"end":{"line":84,"column":4}}},"3":{"name":"initialize","line":92,"loc":{"start":{"line":92,"column":4},"end":{"line":115,"column":4}}},"4":{"name":"setLeaderboardAddress","line":122,"loc":{"start":{"line":122,"column":4},"end":{"line":127,"column":4}}},"5":{"name":"acceptLeaderboardOwnership","line":133,"loc":{"start":{"line":133,"column":4},"end":{"line":138,"column":4}}},"6":{"name":"setMintFee","line":145,"loc":{"start":{"line":145,"column":4},"end":{"line":153,"column":4}}},"7":{"name":"mintMeme","line":160,"loc":{"start":{"line":160,"column":4},"end":{"line":198,"column":4}}},"8":{"name":"withdraw","line":204,"loc":{"start":{"line":204,"column":4},"end":{"line":214,"column":4}}},"9":{"name":"emergencyWithdraw","line":220,"loc":{"start":{"line":220,"column":4},"end":{"line":230,"column":4}}},"10":{"name":"pause","line":236,"loc":{"start":{"line":236,"column":4},"end":{"line":239,"column":4}}},"11":{"name":"unpause","line":245,"loc":{"start":{"line":245,"column":4},"end":{"line":248,"column":4}}},"12":{"name":"getLeaderboardAddress","line":254,"loc":{"start":{"line":254,"column":4},"end":{"line":256,"column":4}}},"13":{"name":"getActualMintCount","line":263,"loc":{"start":{"line":263,"column":4},"end":{"line":267,"column":4}}},"14":{"name":"getActualRevenue","line":274,"loc":{"start":{"line":274,"column":4},"end":{"line":278,"column":4}}},"15":{"name":"mintFee","line":284,"loc":{"start":{"line":284,"column":4},"end":{"line":286,"column":4}}},"16":{"name":"getBalance","line":295,"loc":{"start":{"line":295,"column":4},"end":{"line":297,"column":4}}},"17":{"name":"getUserTotalMints","line":307,"loc":{"start":{"line":307,"column":4},"end":{"line":309,"column":4}}},"18":{"name":"getStats","line":316,"loc":{"start":{"line":316,"column":4},"end":{"line":325,"column":4}}},"19":{"name":"_authorizeUpgrade","line":333,"loc":{"start":{"line":333,"column":4},"end":{"line":340,"column":4}}},"20":{"name":"_setMintFee","line":347,"loc":{"start":{"line":347,"column":4},"end":{"line":357,"column":4}}}},"statementMap":{"1":{"start":{"line":64,"column":8},"end":{"line":64,"column":29}},"2":{"start":{"line":93,"column":8},"end":{"line":93,"column":4029}},"3":{"start":{"line":96,"column":8},"end":{"line":96,"column":4118}},"4":{"start":{"line":100,"column":8},"end":{"line":100,"column":28}},"5":{"start":{"line":101,"column":8},"end":{"line":101,"column":31}},"6":{"start":{"line":102,"column":8},"end":{"line":102,"column":31}},"7":{"start":{"line":103,"column":8},"end":{"line":103,"column":24}},"8":{"start":{"line":106,"column":8},"end":{"line":106,"column":39}},"9":{"start":{"line":112,"column":8},"end":{"line":112,"column":34}},"10":{"start":{"line":114,"column":8},"end":{"line":114,"column":54}},"11":{"start":{"line":123,"column":8},"end":{"line":123,"column":5061}},"12":{"start":{"line":134,"column":8},"end":{"line":134,"column":5467}},"13":{"start":{"line":137,"column":8},"end":{"line":137,"column":66}},"14":{"start":{"line":146,"column":8},"end":{"line":146,"column":33}},"15":{"start":{"line":147,"column":8},"end":{"line":147,"column":26}},"16":{"start":{"line":150,"column":8},"end":{"line":150,"column":6075}},"17":{"start":{"line":151,"column":12},"end":{"line":151,"column":47}},"18":{"start":{"line":161,"column":8},"end":{"line":161,"column":41}},"19":{"start":{"line":162,"column":8},"end":{"line":162,"column":6491}},"20":{"start":{"line":173,"column":8},"end":{"line":173,"column":6773}},"21":{"start":{"line":174,"column":12},"end":{"line":174,"column":6831}},"22":{"start":{"line":187,"column":8},"end":{"line":187,"column":7258}},"23":{"start":{"line":189,"column":16},"end":{"line":189,"column":65}},"24":{"start":{"line":190,"column":16},"end":{"line":190,"column":84}},"25":{"start":{"line":191,"column":16},"end":{"line":191,"column":7497}},"26":{"start":{"line":197,"column":8},"end":{"line":197,"column":51}},"27":{"start":{"line":205,"column":8},"end":{"line":205,"column":47}},"28":{"start":{"line":207,"column":8},"end":{"line":207,"column":7952}},"29":{"start":{"line":211,"column":8},"end":{"line":211,"column":38}},"30":{"start":{"line":212,"column":8},"end":{"line":212,"column":47}},"31":{"start":{"line":213,"column":8},"end":{"line":213,"column":50}},"32":{"start":{"line":221,"column":8},"end":{"line":221,"column":47}},"33":{"start":{"line":223,"column":8},"end":{"line":223,"column":8490}},"34":{"start":{"line":227,"column":8},"end":{"line":227,"column":38}},"35":{"start":{"line":228,"column":8},"end":{"line":228,"column":47}},"36":{"start":{"line":229,"column":8},"end":{"line":229,"column":53}},"37":{"start":{"line":237,"column":8},"end":{"line":237,"column":15}},"38":{"start":{"line":238,"column":8},"end":{"line":238,"column":39}},"39":{"start":{"line":246,"column":8},"end":{"line":246,"column":17}},"40":{"start":{"line":247,"column":8},"end":{"line":247,"column":41}},"41":{"start":{"line":255,"column":8},"end":{"line":255,"column":34}},"42":{"start":{"line":265,"column":12},"end":{"line":265,"column":33}},"43":{"start":{"line":276,"column":12},"end":{"line":276,"column":35}},"44":{"start":{"line":285,"column":8},"end":{"line":285,"column":23}},"45":{"start":{"line":296,"column":8},"end":{"line":296,"column":36}},"46":{"start":{"line":308,"column":8},"end":{"line":308,"column":36}},"47":{"start":{"line":324,"column":8},"end":{"line":324,"column":20}},"48":{"start":{"line":334,"column":8},"end":{"line":334,"column":11998}},"49":{"start":{"line":337,"column":8},"end":{"line":337,"column":12092}},"50":{"start":{"line":348,"column":8},"end":{"line":348,"column":12443}},"51":{"start":{"line":352,"column":8},"end":{"line":352,"column":12601}},"52":{"start":{"line":353,"column":12},"end":{"line":353,"column":18}}},"branchMap":{"1":{"line":72,"type":"if","locations":[{"start":{"line":72,"column":8},"end":{"line":72,"column":8}},{"start":{"line":72,"column":8},"end":{"line":72,"column":8}}]},"2":{"line":92,"type":"if","locations":[{"start":{"line":92,"column":79},"end":{"line":92,"column":79}},{"start":{"line":92,"column":79},"end":{"line":92,"column":79}}]},"3":{"line":93,"type":"if","locations":[{"start":{"line":93,"column":8},"end":{"line":93,"column":8}},{"start":{"line":93,"column":8},"end":{"line":93,"column":8}}]},"4":{"line":96,"type":"if","locations":[{"start":{"line":96,"column":8},"end":{"line":96,"column":8}},{"start":{"line":96,"column":8},"end":{"line":96,"column":8}}]},"5":{"line":96,"type":"cond-expr","locations":[{"start":{"line":96,"column":12},"end":{"line":96,"column":58}},{"start":{"line":96,"column":63},"end":{"line":96,"column":109}}]},"6":{"line":122,"type":"if","locations":[{"start":{"line":122,"column":72},"end":{"line":122,"column":72}},{"start":{"line":122,"column":72},"end":{"line":122,"column":72}}]},"7":{"line":123,"type":"if","locations":[{"start":{"line":123,"column":8},"end":{"line":123,"column":8}},{"start":{"line":123,"column":8},"end":{"line":123,"column":8}}]},"8":{"line":133,"type":"if","locations":[{"start":{"line":133,"column":51},"end":{"line":133,"column":51}},{"start":{"line":133,"column":51},"end":{"line":133,"column":51}}]},"9":{"line":134,"type":"if","locations":[{"start":{"line":134,"column":8},"end":{"line":134,"column":8}},{"start":{"line":134,"column":8},"end":{"line":134,"column":8}}]},"10":{"line":145,"type":"if","locations":[{"start":{"line":145,"column":57},"end":{"line":145,"column":57}},{"start":{"line":145,"column":57},"end":{"line":145,"column":57}}]},"11":{"line":145,"type":"if","locations":[{"start":{"line":145,"column":70},"end":{"line":145,"column":70}},{"start":{"line":145,"column":70},"end":{"line":145,"column":70}}]},"12":{"line":150,"type":"if","locations":[{"start":{"line":150,"column":8},"end":{"line":150,"column":8}},{"start":{"line":150,"column":8},"end":{"line":150,"column":8}}]},"13":{"line":160,"type":"if","locations":[{"start":{"line":160,"column":41},"end":{"line":160,"column":41}},{"start":{"line":160,"column":41},"end":{"line":160,"column":41}}]},"14":{"line":160,"type":"if","locations":[{"start":{"line":160,"column":54},"end":{"line":160,"column":54}},{"start":{"line":160,"column":54},"end":{"line":160,"column":54}}]},"15":{"line":162,"type":"if","locations":[{"start":{"line":162,"column":8},"end":{"line":162,"column":8}},{"start":{"line":162,"column":8},"end":{"line":162,"column":8}}]},"16":{"line":173,"type":"if","locations":[{"start":{"line":173,"column":8},"end":{"line":173,"column":8}},{"start":{"line":173,"column":8},"end":{"line":173,"column":8}}]},"17":{"line":187,"type":"if","locations":[{"start":{"line":187,"column":8},"end":{"line":187,"column":8}},{"start":{"line":187,"column":8},"end":{"line":187,"column":8}}]},"18":{"line":191,"type":"if","locations":[{"start":{"line":191,"column":16},"end":{"line":191,"column":16}},{"start":{"line":191,"column":16},"end":{"line":191,"column":16}}]},"19":{"line":204,"type":"if","locations":[{"start":{"line":204,"column":41},"end":{"line":204,"column":41}},{"start":{"line":204,"column":41},"end":{"line":204,"column":41}}]},"20":{"line":204,"type":"if","locations":[{"start":{"line":204,"column":54},"end":{"line":204,"column":54}},{"start":{"line":204,"column":54},"end":{"line":204,"column":54}}]},"21":{"line":207,"type":"if","locations":[{"start":{"line":207,"column":8},"end":{"line":207,"column":8}},{"start":{"line":207,"column":8},"end":{"line":207,"column":8}}]},"22":{"line":220,"type":"if","locations":[{"start":{"line":220,"column":50},"end":{"line":220,"column":50}},{"start":{"line":220,"column":50},"end":{"line":220,"column":50}}]},"23":{"line":220,"type":"if","locations":[{"start":{"line":220,"column":63},"end":{"line":220,"column":63}},{"start":{"line":220,"column":63},"end":{"line":220,"column":63}}]},"24":{"line":223,"type":"if","locations":[{"start":{"line":223,"column":8},"end":{"line":223,"column":8}},{"start":{"line":223,"column":8},"end":{"line":223,"column":8}}]},"25":{"line":236,"type":"if","locations":[{"start":{"line":236,"column":38},"end":{"line":236,"column":38}},{"start":{"line":236,"column":38},"end":{"line":236,"column":38}}]},"26":{"line":236,"type":"if","locations":[{"start":{"line":236,"column":48},"end":{"line":236,"column":48}},{"start":{"line":236,"column":48},"end":{"line":236,"column":48}}]},"27":{"line":245,"type":"if","locations":[{"start":{"line":245,"column":40},"end":{"line":245,"column":40}},{"start":{"line":245,"column":40},"end":{"line":245,"column":40}}]},"28":{"line":245,"type":"if","locations":[{"start":{"line":245,"column":50},"end":{"line":245,"column":50}},{"start":{"line":245,"column":50},"end":{"line":245,"column":50}}]},"29":{"line":333,"type":"if","locations":[{"start":{"line":333,"column":81},"end":{"line":333,"column":81}},{"start":{"line":333,"column":81},"end":{"line":333,"column":81}}]},"30":{"line":334,"type":"if","locations":[{"start":{"line":334,"column":8},"end":{"line":334,"column":8}},{"start":{"line":334,"column":8},"end":{"line":334,"column":8}}]},"31":{"line":337,"type":"if","locations":[{"start":{"line":337,"column":8},"end":{"line":337,"column":8}},{"start":{"line":337,"column":8},"end":{"line":337,"column":8}}]},"32":{"line":348,"type":"if","locations":[{"start":{"line":348,"column":8},"end":{"line":348,"column":8}},{"start":{"line":348,"column":8},"end":{"line":348,"column":8}}]},"33":{"line":348,"type":"cond-expr","locations":[{"start":{"line":348,"column":12},"end":{"line":348,"column":50}},{"start":{"line":348,"column":55},"end":{"line":348,"column":93}}]},"34":{"line":352,"type":"if","locations":[{"start":{"line":352,"column":8},"end":{"line":352,"column":8}},{"start":{"line":352,"column":8},"end":{"line":352,"column":8}}]}}},"contracts\\MemeMintLeaderboard.sol":{"l":{"59":1,"67":33,"68":1,"71":32,"72":32,"73":32,"83":532,"84":1,"86":531,"87":1,"90":530,"93":530,"94":4,"97":526,"107":7,"108":2,"111":5,"112":5,"114":5,"115":4,"118":5,"128":9,"129":9,"130":8,"140":3,"141":3,"150":6,"159":5,"160":2,"162":3,"163":1,"166":2,"175":1,"176":0,"178":1,"179":0,"189":4,"192":4,"193":1,"194":1,"198":3,"199":3,"202":3,"211":526,"213":521,"214":521,"215":521,"216":521,"217":521,"218":521,"219":521,"222":5,"225":4,"226":4,"227":4,"228":4,"229":4,"230":4,"231":4,"232":4,"240":528,"241":2428,"243":2428,"244":7,"248":2421,"249":2421,"250":2421,"253":2421,"254":2421,"256":2421,"260":528,"261":9,"262":9,"263":891,"264":91,"267":9,"276":4,"277":4,"278":4,"279":396,"280":40,"281":40,"284":4},"path":"D:\\mememint\\contracts\\MemeMintLeaderboard.sol","s":{"1":1,"2":33,"3":32,"4":32,"5":32,"6":532,"7":531,"8":530,"9":530,"10":4,"11":526,"12":7,"13":5,"14":5,"15":5,"16":5,"17":9,"18":6,"19":5,"20":3,"21":1,"22":1,"23":4,"24":4,"25":1,"26":3,"27":526,"28":521,"29":521,"30":521,"31":521,"32":5,"33":1,"34":4,"35":4,"36":4,"37":4,"38":4,"39":528,"40":2428,"41":2428,"42":2421,"43":528,"44":9,"45":9,"46":891,"47":4,"48":4,"49":4,"50":396,"51":4},"b":{"1":[33,1],"2":[1,32],"3":[532,1],"4":[1,531],"5":[1,530],"6":[4,526],"7":[2,5],"8":[1,1],"9":[1,4],"10":[8,1],"11":[2,3],"12":[1,1],"13":[1,2],"14":[1,1],"15":[0,1],"16":[0,1],"17":[1,3],"18":[521,5],"19":[1,4],"20":[7,2421],"21":[9,519],"22":[91,800],"23":[40,356]},"f":{"1":1,"2":33,"3":532,"4":7,"5":9,"6":3,"7":6,"8":5,"9":1,"10":4,"11":526,"12":528,"13":4},"fnMap":{"1":{"name":"constructor","line":58,"loc":{"start":{"line":58,"column":4},"end":{"line":60,"column":4}}},"2":{"name":"initialize","line":66,"loc":{"start":{"line":66,"column":4},"end":{"line":74,"column":4}}},"3":{"name":"updateMinter","line":82,"loc":{"start":{"line":82,"column":4},"end":{"line":99,"column":4}}},"4":{"name":"getTopMinters","line":106,"loc":{"start":{"line":106,"column":4},"end":{"line":119,"column":4}}},"5":{"name":"getUserEntry","line":127,"loc":{"start":{"line":127,"column":4},"end":{"line":132,"column":4}}},"6":{"name":"getLeaderboardStats","line":139,"loc":{"start":{"line":139,"column":4},"end":{"line":142,"column":4}}},"7":{"name":"isInTop100","line":149,"loc":{"start":{"line":149,"column":4},"end":{"line":151,"column":4}}},"8":{"name":"getEntryAtPosition","line":158,"loc":{"start":{"line":158,"column":4},"end":{"line":167,"column":4}}},"9":{"name":"_authorizeUpgrade","line":174,"loc":{"start":{"line":174,"column":4},"end":{"line":181,"column":4}}},"10":{"name":"_updateExistingUser","line":188,"loc":{"start":{"line":188,"column":4},"end":{"line":203,"column":4}}},"11":{"name":"_tryAddNewUser","line":210,"loc":{"start":{"line":210,"column":4},"end":{"line":233,"column":4}}},"12":{"name":"_bubbleUp","line":239,"loc":{"start":{"line":239,"column":4},"end":{"line":269,"column":4}}},"13":{"name":"_findMinIndex","line":275,"loc":{"start":{"line":275,"column":4},"end":{"line":285,"column":4}}}},"statementMap":{"1":{"start":{"line":59,"column":8},"end":{"line":59,"column":29}},"2":{"start":{"line":67,"column":8},"end":{"line":67,"column":2692}},"3":{"start":{"line":71,"column":8},"end":{"line":71,"column":28}},"4":{"start":{"line":72,"column":8},"end":{"line":72,"column":31}},"5":{"start":{"line":73,"column":8},"end":{"line":73,"column":39}},"6":{"start":{"line":83,"column":8},"end":{"line":83,"column":3248}},"7":{"start":{"line":86,"column":8},"end":{"line":86,"column":3336}},"8":{"start":{"line":90,"column":8},"end":{"line":90,"column":54}},"9":{"start":{"line":93,"column":8},"end":{"line":93,"column":3548}},"10":{"start":{"line":94,"column":12},"end":{"line":94,"column":66}},"11":{"start":{"line":97,"column":12},"end":{"line":97,"column":46}},"12":{"start":{"line":107,"column":8},"end":{"line":107,"column":4087}},"13":{"start":{"line":111,"column":8},"end":{"line":111,"column":85}},"14":{"start":{"line":112,"column":8},"end":{"line":112,"column":79}},"15":{"start":{"line":114,"column":8},"end":{"line":114,"column":4355}},"16":{"start":{"line":118,"column":8},"end":{"line":118,"column":22}},"17":{"start":{"line":129,"column":8},"end":{"line":129,"column":4897}},"18":{"start":{"line":150,"column":8},"end":{"line":150,"column":39}},"19":{"start":{"line":159,"column":8},"end":{"line":159,"column":5953}},"20":{"start":{"line":162,"column":8},"end":{"line":162,"column":6056}},"21":{"start":{"line":175,"column":8},"end":{"line":175,"column":6487}},"22":{"start":{"line":178,"column":8},"end":{"line":178,"column":6588}},"23":{"start":{"line":189,"column":8},"end":{"line":189,"column":73}},"24":{"start":{"line":192,"column":8},"end":{"line":192,"column":7145}},"25":{"start":{"line":194,"column":12},"end":{"line":194,"column":18}},"26":{"start":{"line":202,"column":8},"end":{"line":202,"column":30}},"27":{"start":{"line":211,"column":8},"end":{"line":211,"column":7788}},"28":{"start":{"line":213,"column":12},"end":{"line":213,"column":49}},"29":{"start":{"line":217,"column":12},"end":{"line":217,"column":30}},"30":{"start":{"line":218,"column":12},"end":{"line":218,"column":75}},"31":{"start":{"line":219,"column":12},"end":{"line":219,"column":18}},"32":{"start":{"line":222,"column":8},"end":{"line":222,"column":54}},"33":{"start":{"line":222,"column":48},"end":{"line":222,"column":54}},"34":{"start":{"line":225,"column":8},"end":{"line":225,"column":42}},"35":{"start":{"line":226,"column":8},"end":{"line":226,"column":58}},"36":{"start":{"line":230,"column":8},"end":{"line":230,"column":26}},"37":{"start":{"line":231,"column":8},"end":{"line":231,"column":67}},"38":{"start":{"line":232,"column":8},"end":{"line":232,"column":71}},"39":{"start":{"line":240,"column":8},"end":{"line":240,"column":9026}},"40":{"start":{"line":241,"column":12},"end":{"line":241,"column":49}},"41":{"start":{"line":243,"column":12},"end":{"line":243,"column":9117}},"42":{"start":{"line":248,"column":12},"end":{"line":248,"column":62}},"43":{"start":{"line":260,"column":8},"end":{"line":260,"column":9756}},"44":{"start":{"line":261,"column":12},"end":{"line":261,"column":57}},"45":{"start":{"line":262,"column":12},"end":{"line":262,"column":9864}},"46":{"start":{"line":263,"column":16},"end":{"line":263,"column":9921}},"47":{"start":{"line":276,"column":8},"end":{"line":276,"column":28}},"48":{"start":{"line":277,"column":8},"end":{"line":277,"column":55}},"49":{"start":{"line":278,"column":8},"end":{"line":278,"column":10402}},"50":{"start":{"line":279,"column":12},"end":{"line":279,"column":10455}},"51":{"start":{"line":284,"column":8},"end":{"line":284,"column":23}}},"branchMap":{"1":{"line":66,"type":"if","locations":[{"start":{"line":66,"column":55},"end":{"line":66,"column":55}},{"start":{"line":66,"column":55},"end":{"line":66,"column":55}}]},"2":{"line":67,"type":"if","locations":[{"start":{"line":67,"column":8},"end":{"line":67,"column":8}},{"start":{"line":67,"column":8},"end":{"line":67,"column":8}}]},"3":{"line":82,"type":"if","locations":[{"start":{"line":82,"column":72},"end":{"line":82,"column":72}},{"start":{"line":82,"column":72},"end":{"line":82,"column":72}}]},"4":{"line":83,"type":"if","locations":[{"start":{"line":83,"column":8},"end":{"line":83,"column":8}},{"start":{"line":83,"column":8},"end":{"line":83,"column":8}}]},"5":{"line":86,"type":"if","locations":[{"start":{"line":86,"column":8},"end":{"line":86,"column":8}},{"start":{"line":86,"column":8},"end":{"line":86,"column":8}}]},"6":{"line":93,"type":"if","locations":[{"start":{"line":93,"column":8},"end":{"line":93,"column":8}},{"start":{"line":93,"column":8},"end":{"line":93,"column":8}}]},"7":{"line":107,"type":"if","locations":[{"start":{"line":107,"column":8},"end":{"line":107,"column":8}},{"start":{"line":107,"column":8},"end":{"line":107,"column":8}}]},"8":{"line":107,"type":"cond-expr","locations":[{"start":{"line":107,"column":12},"end":{"line":107,"column":21}},{"start":{"line":107,"column":26},"end":{"line":107,"column":36}}]},"9":{"line":111,"type":"if","locations":[{"start":{"line":111,"column":59},"end":{"line":111,"column":63}},{"start":{"line":111,"column":67},"end":{"line":111,"column":84}}]},"10":{"line":129,"type":"if","locations":[{"start":{"line":129,"column":8},"end":{"line":129,"column":8}},{"start":{"line":129,"column":8},"end":{"line":129,"column":8}}]},"11":{"line":159,"type":"if","locations":[{"start":{"line":159,"column":8},"end":{"line":159,"column":8}},{"start":{"line":159,"column":8},"end":{"line":159,"column":8}}]},"12":{"line":159,"type":"cond-expr","locations":[{"start":{"line":159,"column":12},"end":{"line":159,"column":24}},{"start":{"line":159,"column":29},"end":{"line":159,"column":42}}]},"13":{"line":162,"type":"if","locations":[{"start":{"line":162,"column":8},"end":{"line":162,"column":8}},{"start":{"line":162,"column":8},"end":{"line":162,"column":8}}]},"14":{"line":174,"type":"if","locations":[{"start":{"line":174,"column":81},"end":{"line":174,"column":81}},{"start":{"line":174,"column":81},"end":{"line":174,"column":81}}]},"15":{"line":175,"type":"if","locations":[{"start":{"line":175,"column":8},"end":{"line":175,"column":8}},{"start":{"line":175,"column":8},"end":{"line":175,"column":8}}]},"16":{"line":178,"type":"if","locations":[{"start":{"line":178,"column":8},"end":{"line":178,"column":8}},{"start":{"line":178,"column":8},"end":{"line":178,"column":8}}]},"17":{"line":192,"type":"if","locations":[{"start":{"line":192,"column":8},"end":{"line":192,"column":8}},{"start":{"line":192,"column":8},"end":{"line":192,"column":8}}]},"18":{"line":211,"type":"if","locations":[{"start":{"line":211,"column":8},"end":{"line":211,"column":8}},{"start":{"line":211,"column":8},"end":{"line":211,"column":8}}]},"19":{"line":222,"type":"if","locations":[{"start":{"line":222,"column":8},"end":{"line":222,"column":8}},{"start":{"line":222,"column":8},"end":{"line":222,"column":8}}]},"20":{"line":243,"type":"if","locations":[{"start":{"line":243,"column":12},"end":{"line":243,"column":12}},{"start":{"line":243,"column":12},"end":{"line":243,"column":12}}]},"21":{"line":260,"type":"if","locations":[{"start":{"line":260,"column":8},"end":{"line":260,"column":8}},{"start":{"line":260,"column":8},"end":{"line":260,"column":8}}]},"22":{"line":263,"type":"if","locations":[{"start":{"line":263,"column":16},"end":{"line":263,"column":16}},{"start":{"line":263,"column":16},"end":{"line":263,"column":16}}]},"23":{"line":279,"type":"if","locations":[{"start":{"line":279,"column":12},"end":{"line":279,"column":12}},{"start":{"line":279,"column":12},"end":{"line":279,"column":12}}]}}}}