{
"contracts\\MemeMint.sol":{"l":{"24":10,"29":12,"30":12,"40":7,"42":7,"43":2,"46":1,"47":1,"51":6,"52":5,"53":5,"57":6,"62":1,"64":1,"65":1,"68":1,"69":1,"73":1,"74":0,"75":0,"79":1,"84":1,"85":1,"90":1,"91":1,"96":0},"path":"C:\\Users\\Hp\\Downloads\\mememint-main\\contracts\\MemeMint.sol","s":{"1":12,"2":12,"3":7,"4":7,"5":2,"6":1,"7":1,"8":6,"9":5,"10":6,"11":1,"12":1,"13":1,"14":1,"15":1,"16":1,"17":0,"18":1,"19":1,"20":1,"21":0},"b":{"1":[7,0],"2":[2,5],"3":[1,1],"4":[1,0],"5":[5,1],"6":[1,0],"7":[1,0],"8":[1,0],"9":[1,0],"10":[0,1],"11":[1,1],"12":[1,0],"13":[0,0]},"f":{"1":10,"2":12,"3":7,"4":1,"5":1,"6":1,"7":0},"fnMap":{"1":{"name":"constructor","line":23,"loc":{"start":{"line":23,"column":4},"end":{"line":25,"column":4}}},"2":{"name":"canGenerateFree","line":28,"loc":{"start":{"line":28,"column":4},"end":{"line":31,"column":4}}},"3":{"name":"generateMeme","line":39,"loc":{"start":{"line":34,"column":4},"end":{"line":58,"column":4}}},"4":{"name":"playGame","line":61,"loc":{"start":{"line":61,"column":4},"end":{"line":80,"column":4}}},"5":{"name":"setGenerationFee","line":83,"loc":{"start":{"line":83,"column":4},"end":{"line":86,"column":4}}},"6":{"name":"setTreasury","line":89,"loc":{"start":{"line":89,"column":4},"end":{"line":92,"column":4}}},"7":{"name":"withdrawETH","line":95,"loc":{"start":{"line":95,"column":4},"end":{"line":97,"column":4}}}},"statementMap":{"1":{"start":{"line":29,"column":8},"end":{"line":29,"column":48}},"2":{"start":{"line":30,"column":8},"end":{"line":30,"column":66}},"3":{"start":{"line":40,"column":8},"end":{"line":40,"column":43}},"4":{"start":{"line":42,"column":8},"end":{"line":42,"column":1407}},"5":{"start":{"line":43,"column":12},"end":{"line":43,"column":66}},"6":{"start":{"line":46,"column":12},"end":{"line":46,"column":65}},"7":{"start":{"line":47,"column":12},"end":{"line":47,"column":50}},"8":{"start":{"line":51,"column":8},"end":{"line":51,"column":1710}},"9":{"start":{"line":52,"column":12},"end":{"line":52,"column":52}},"10":{"start":{"line":57,"column":8},"end":{"line":57,"column":73}},"11":{"start":{"line":62,"column":8},"end":{"line":62,"column":43}},"12":{"start":{"line":64,"column":8},"end":{"line":64,"column":2117}},"13":{"start":{"line":65,"column":12},"end":{"line":65,"column":66}},"14":{"start":{"line":68,"column":12},"end":{"line":68,"column":65}},"15":{"start":{"line":69,"column":12},"end":{"line":69,"column":50}},"16":{"start":{"line":73,"column":8},"end":{"line":73,"column":2420}},"17":{"start":{"line":74,"column":12},"end":{"line":74,"column":52}},"18":{"start":{"line":79,"column":8},"end":{"line":79,"column":56}},"19":{"start":{"line":85,"column":8},"end":{"line":85,"column":29}},"20":{"start":{"line":91,"column":8},"end":{"line":91,"column":39}},"21":{"start":{"line":96,"column":8},"end":{"line":96,"column":55}}},"branchMap":{"1":{"line":39,"type":"if","locations":[{"start":{"line":39,"column":23},"end":{"line":39,"column":23}},{"start":{"line":39,"column":23},"end":{"line":39,"column":23}}]},"2":{"line":42,"type":"if","locations":[{"start":{"line":42,"column":8},"end":{"line":42,"column":8}},{"start":{"line":42,"column":8},"end":{"line":42,"column":8}}]},"3":{"line":43,"type":"if","locations":[{"start":{"line":43,"column":12},"end":{"line":43,"column":12}},{"start":{"line":43,"column":12},"end":{"line":43,"column":12}}]},"4":{"line":47,"type":"if","locations":[{"start":{"line":47,"column":12},"end":{"line":47,"column":12}},{"start":{"line":47,"column":12},"end":{"line":47,"column":12}}]},"5":{"line":51,"type":"if","locations":[{"start":{"line":51,"column":8},"end":{"line":51,"column":8}},{"start":{"line":51,"column":8},"end":{"line":51,"column":8}}]},"6":{"line":61,"type":"if","locations":[{"start":{"line":61,"column":53},"end":{"line":61,"column":53}},{"start":{"line":61,"column":53},"end":{"line":61,"column":53}}]},"7":{"line":64,"type":"if","locations":[{"start":{"line":64,"column":8},"end":{"line":64,"column":8}},{"start":{"line":64,"column":8},"end":{"line":64,"column":8}}]},"8":{"line":65,"type":"if","locations":[{"start":{"line":65,"column":12},"end":{"line":65,"column":12}},{"start":{"line":65,"column":12},"end":{"line":65,"column":12}}]},"9":{"line":69,"type":"if","locations":[{"start":{"line":69,"column":12},"end":{"line":69,"column":12}},{"start":{"line":69,"column":12},"end":{"line":69,"column":12}}]},"10":{"line":73,"type":"if","locations":[{"start":{"line":73,"column":8},"end":{"line":73,"column":8}},{"start":{"line":73,"column":8},"end":{"line":73,"column":8}}]},"11":{"line":83,"type":"if","locations":[{"start":{"line":83,"column":53},"end":{"line":83,"column":53}},{"start":{"line":83,"column":53},"end":{"line":83,"column":53}}]},"12":{"line":89,"type":"if","locations":[{"start":{"line":89,"column":53},"end":{"line":89,"column":53}},{"start":{"line":89,"column":53},"end":{"line":89,"column":53}}]},"13":{"line":95,"type":"if","locations":[{"start":{"line":95,"column":36},"end":{"line":95,"column":36}},{"start":{"line":95,"column":36},"end":{"line":95,"column":36}}]}}},
"contracts\\MockERC20.sol":{"l":{"10":12},"path":"C:\\Users\\Hp\\Downloads\\mememint-main\\contracts\\MockERC20.sol","s":{"1":12},"b":{},"f":{"1":29,"2":12},"fnMap":{"1":{"name":"constructor","line":7,"loc":{"start":{"line":7,"column":4},"end":{"line":7,"column":79}}},"2":{"name":"mint","line":9,"loc":{"start":{"line":9,"column":4},"end":{"line":11,"column":4}}}},"statementMap":{"1":{"start":{"line":10,"column":8},"end":{"line":10,"column":24}}},"branchMap":{}},
"contracts\\Treasury.sol":{"l":{"31":14,"33":13,"34":13,"35":13,"36":13,"38":13,"43":2,"45":1,"46":1,"47":1,"50":1,"51":1,"52":1,"53":1,"54":1,"58":1,"63":2,"68":1,"73":3,"74":2,"75":2,"80":2,"81":2,"82":1,"84":1,"86":1,"88":1,"93":2,"102":1,"103":1,"105":1,"107":1,"112":1,"117":1},"path":"C:\\Users\\Hp\\Downloads\\mememint-main\\contracts\\Treasury.sol","s":{"1":14,"2":13,"3":13,"4":2,"5":1,"6":1,"7":1,"8":1,"9":2,"10":1,"11":3,"12":2,"13":2,"14":2,"15":1,"16":1,"17":1,"18":2,"19":1,"20":1,"21":1,"22":1,"23":1,"24":1},"b":{"1":[14,1],"2":[13,1],"3":[2,0],"4":[1,1],"5":[1,0],"6":[3,1],"7":[2,1],"8":[2,0],"9":[1,1],"10":[1,0],"11":[1,0],"12":[1,0],"13":[1,0],"14":[1,0],"15":[1,0],"16":[1,0],"17":[1,0],"18":[1,0],"19":[1,0]},"f":{"1":14,"2":2,"3":2,"4":1,"5":3,"6":2,"7":2,"8":1,"9":1,"10":1},"fnMap":{"1":{"name":"addSupportedToken","line":30,"loc":{"start":{"line":26,"column":4},"end":{"line":39,"column":4}}},"2":{"name":"removeSupportedToken","line":42,"loc":{"start":{"line":42,"column":4},"end":{"line":59,"column":4}}},"3":{"name":"getSupportedTokens","line":62,"loc":{"start":{"line":62,"column":4},"end":{"line":64,"column":4}}},"4":{"name":"treasuryBalanceToken","line":67,"loc":{"start":{"line":67,"column":4},"end":{"line":69,"column":4}}},"5":{"name":"addReward","line":72,"loc":{"start":{"line":72,"column":4},"end":{"line":76,"column":4}}},"6":{"name":"claimReward","line":79,"loc":{"start":{"line":79,"column":4},"end":{"line":89,"column":4}}},"7":{"name":"getUserReward","line":92,"loc":{"start":{"line":92,"column":4},"end":{"line":94,"column":4}}},"8":{"name":"distributeReward","line":101,"loc":{"start":{"line":97,"column":4},"end":{"line":108,"column":4}}},"9":{"name":"withdrawTokens","line":111,"loc":{"start":{"line":111,"column":4},"end":{"line":113,"column":4}}},"10":{"name":"withdrawETH","line":116,"loc":{"start":{"line":116,"column":4},"end":{"line":118,"column":4}}}},"statementMap":{"1":{"start":{"line":31,"column":8},"end":{"line":31,"column":67}},"2":{"start":{"line":33,"column":8},"end":{"line":33,"column":34}},"3":{"start":{"line":38,"column":8},"end":{"line":38,"column":45}},"4":{"start":{"line":43,"column":8},"end":{"line":43,"column":62}},"5":{"start":{"line":50,"column":8},"end":{"line":50,"column":1838}},"6":{"start":{"line":51,"column":12},"end":{"line":51,"column":1907}},"7":{"start":{"line":53,"column":16},"end":{"line":53,"column":36}},"8":{"start":{"line":58,"column":8},"end":{"line":58,"column":32}},"9":{"start":{"line":63,"column":8},"end":{"line":63,"column":30}},"10":{"start":{"line":68,"column":8},"end":{"line":68,"column":53}},"11":{"start":{"line":73,"column":8},"end":{"line":73,"column":62}},"12":{"start":{"line":75,"column":8},"end":{"line":75,"column":45}},"13":{"start":{"line":80,"column":8},"end":{"line":80,"column":55}},"14":{"start":{"line":81,"column":8},"end":{"line":81,"column":49}},"15":{"start":{"line":82,"column":8},"end":{"line":82,"column":62}},"16":{"start":{"line":86,"column":8},"end":{"line":86,"column":77}},"17":{"start":{"line":88,"column":8},"end":{"line":88,"column":53}},"18":{"start":{"line":93,"column":8},"end":{"line":93,"column":39}},"19":{"start":{"line":102,"column":8},"end":{"line":102,"column":62}},"20":{"start":{"line":103,"column":8},"end":{"line":103,"column":88}},"21":{"start":{"line":105,"column":8},"end":{"line":105,"column":76}},"22":{"start":{"line":107,"column":8},"end":{"line":107,"column":56}},"23":{"start":{"line":112,"column":8},"end":{"line":112,"column":74}},"24":{"start":{"line":117,"column":8},"end":{"line":117,"column":40}}},"branchMap":{"1":{"line":30,"type":"if","locations":[{"start":{"line":30,"column":15},"end":{"line":30,"column":15}},{"start":{"line":30,"column":15},"end":{"line":30,"column":15}}]},"2":{"line":31,"type":"if","locations":[{"start":{"line":31,"column":8},"end":{"line":31,"column":8}},{"start":{"line":31,"column":8},"end":{"line":31,"column":8}}]},"3":{"line":42,"type":"if","locations":[{"start":{"line":42,"column":58},"end":{"line":42,"column":58}},{"start":{"line":42,"column":58},"end":{"line":42,"column":58}}]},"4":{"line":43,"type":"if","locations":[{"start":{"line":43,"column":8},"end":{"line":43,"column":8}},{"start":{"line":43,"column":8},"end":{"line":43,"column":8}}]},"5":{"line":51,"type":"if","locations":[{"start":{"line":51,"column":12},"end":{"line":51,"column":12}},{"start":{"line":51,"column":12},"end":{"line":51,"column":12}}]},"6":{"line":72,"type":"if","locations":[{"start":{"line":72,"column":77},"end":{"line":72,"column":77}},{"start":{"line":72,"column":77},"end":{"line":72,"column":77}}]},"7":{"line":73,"type":"if","locations":[{"start":{"line":73,"column":8},"end":{"line":73,"column":8}},{"start":{"line":73,"column":8},"end":{"line":73,"column":8}}]},"8":{"line":79,"type":"if","locations":[{"start":{"line":79,"column":49},"end":{"line":79,"column":49}},{"start":{"line":79,"column":49},"end":{"line":79,"column":49}}]},"9":{"line":81,"type":"if","locations":[{"start":{"line":81,"column":8},"end":{"line":81,"column":8}},{"start":{"line":81,"column":8},"end":{"line":81,"column":8}}]},"10":{"line":82,"type":"if","locations":[{"start":{"line":82,"column":8},"end":{"line":82,"column":8}},{"start":{"line":82,"column":8},"end":{"line":82,"column":8}}]},"11":{"line":86,"type":"if","locations":[{"start":{"line":86,"column":8},"end":{"line":86,"column":8}},{"start":{"line":86,"column":8},"end":{"line":86,"column":8}}]},"12":{"line":101,"type":"if","locations":[{"start":{"line":101,"column":15},"end":{"line":101,"column":15}},{"start":{"line":101,"column":15},"end":{"line":101,"column":15}}]},"13":{"line":101,"type":"if","locations":[{"start":{"line":101,"column":25},"end":{"line":101,"column":25}},{"start":{"line":101,"column":25},"end":{"line":101,"column":25}}]},"14":{"line":102,"type":"if","locations":[{"start":{"line":102,"column":8},"end":{"line":102,"column":8}},{"start":{"line":102,"column":8},"end":{"line":102,"column":8}}]},"15":{"line":103,"type":"if","locations":[{"start":{"line":103,"column":8},"end":{"line":103,"column":8}},{"start":{"line":103,"column":8},"end":{"line":103,"column":8}}]},"16":{"line":105,"type":"if","locations":[{"start":{"line":105,"column":8},"end":{"line":105,"column":8}},{"start":{"line":105,"column":8},"end":{"line":105,"column":8}}]},"17":{"line":111,"type":"if","locations":[{"start":{"line":111,"column":68},"end":{"line":111,"column":68}},{"start":{"line":111,"column":68},"end":{"line":111,"column":68}}]},"18":{"line":112,"type":"if","locations":[{"start":{"line":112,"column":8},"end":{"line":112,"column":8}},{"start":{"line":112,"column":8},"end":{"line":112,"column":8}}]},"19":{"line":116,"type":"if","locations":[{"start":{"line":116,"column":50},"end":{"line":116,"column":50}},{"start":{"line":116,"column":50},"end":{"line":116,"column":50}}]}}}}
