TN:
SF:C:\Users\Hp\Downloads\mememint-main\contracts\MemeMint.sol
FN:23,constructor
FN:28,canGenerateFree
FN:39,generateMeme
FN:61,playGame
FN:83,setGenerationFee
FN:89,setTreasury
FN:95,withdrawETH
FNF:7
FNH:6
FNDA:10,constructor
FNDA:12,canGenerateFree
FNDA:7,generateMeme
FNDA:1,playGame
FNDA:1,setGenerationFee
FNDA:1,setTreasury
FNDA:0,withdrawETH
DA:24,10
DA:29,12
DA:30,12
DA:40,7
DA:42,7
DA:43,2
DA:46,1
DA:47,1
DA:51,6
DA:52,5
DA:53,5
DA:57,6
DA:62,1
DA:64,1
DA:65,1
DA:68,1
DA:69,1
DA:73,1
DA:74,0
DA:75,0
DA:79,1
DA:84,1
DA:85,1
DA:90,1
DA:91,1
DA:96,0
LF:26
LH:23
BRDA:39,1,0,7
BRDA:39,1,1,0
BRDA:42,2,0,2
BRDA:42,2,1,5
BRDA:43,3,0,1
BRDA:43,3,1,1
BRDA:47,4,0,1
BRDA:47,4,1,0
BRDA:51,5,0,5
BRDA:51,5,1,1
BRDA:61,6,0,1
BRDA:61,6,1,0
BRDA:64,7,0,1
BRDA:64,7,1,0
BRDA:65,8,0,1
BRDA:65,8,1,0
BRDA:69,9,0,1
BRDA:69,9,1,0
BRDA:73,10,0,0
BRDA:73,10,1,1
BRDA:83,11,0,1
BRDA:83,11,1,1
BRDA:89,12,0,1
BRDA:89,12,1,0
BRDA:95,13,0,0
BRDA:95,13,1,0
BRF:26
BRH:16
end_of_record
TN:
SF:C:\Users\Hp\Downloads\mememint-main\contracts\MockERC20.sol
FN:7,constructor
FN:9,mint
FNF:2
FNH:2
FNDA:29,constructor
FNDA:12,mint
DA:10,12
LF:1
LH:1
BRF:0
BRH:0
end_of_record
TN:
SF:C:\Users\Hp\Downloads\mememint-main\contracts\Treasury.sol
FN:30,addSupportedToken
FN:42,removeSupportedToken
FN:62,getSupportedTokens
FN:67,treasuryBalanceToken
FN:72,addReward
FN:79,claimReward
FN:92,getUserReward
FN:101,distributeReward
FN:111,withdrawTokens
FN:116,withdrawETH
FNF:10
FNH:10
FNDA:14,addSupportedToken
FNDA:2,removeSupportedToken
FNDA:2,getSupportedTokens
FNDA:1,treasuryBalanceToken
FNDA:3,addReward
FNDA:2,claimReward
FNDA:2,getUserReward
FNDA:1,distributeReward
FNDA:1,withdrawTokens
FNDA:1,withdrawETH
DA:31,14
DA:33,13
DA:34,13
DA:35,13
DA:36,13
DA:38,13
DA:43,2
DA:45,1
DA:46,1
DA:47,1
DA:50,1
DA:51,1
DA:52,1
DA:53,1
DA:54,1
DA:58,1
DA:63,2
DA:68,1
DA:73,3
DA:74,2
DA:75,2
DA:80,2
DA:81,2
DA:82,1
DA:84,1
DA:86,1
DA:88,1
DA:93,2
DA:102,1
DA:103,1
DA:105,1
DA:107,1
DA:112,1
DA:117,1
LF:34
LH:34
BRDA:30,1,0,14
BRDA:30,1,1,1
BRDA:31,2,0,13
BRDA:31,2,1,1
BRDA:42,3,0,2
BRDA:42,3,1,0
BRDA:43,4,0,1
BRDA:43,4,1,1
BRDA:51,5,0,1
BRDA:51,5,1,0
BRDA:72,6,0,3
BRDA:72,6,1,1
BRDA:73,7,0,2
BRDA:73,7,1,1
BRDA:79,8,0,2
BRDA:79,8,1,0
BRDA:81,9,0,1
BRDA:81,9,1,1
BRDA:82,10,0,1
BRDA:82,10,1,0
BRDA:86,11,0,1
BRDA:86,11,1,0
BRDA:101,12,0,1
BRDA:101,12,1,0
BRDA:101,13,0,1
BRDA:101,13,1,0
BRDA:102,14,0,1
BRDA:102,14,1,0
BRDA:103,15,0,1
BRDA:103,15,1,0
BRDA:105,16,0,1
BRDA:105,16,1,0
BRDA:111,17,0,1
BRDA:111,17,1,0
BRDA:112,18,0,1
BRDA:112,18,1,0
BRDA:116,19,0,1
BRDA:116,19,1,0
BRF:38
BRH:25
end_of_record
